### ISSUE TITLE
Access violation -- Js::DebugManager::Close+0xf

### ISSUE THREAD

**Issue by bendono** [Microsoft/ChakraCore#470]
I have ProcDump set to create full minidumps whenever a process crashes.
Yesterday my girlfriend was using Edge and told me that there was a problem.
I do not know the problematic URL or reproduction steps.
But I checked dumps folder and sure enough one of the tabs had crashed.
I can provide the dump itself, but it is 119 MB when 7Ziped.

Below is a brief analysis of the dump.
Let me know if you need more details from me.

Environment:
-Windows 10 Pro
-Version: 1511
-OS Build: 10586.122
-User account language: Japanese

Check what exception caused the crash.

0:035> .lastevent
Last event: 6128.5054: Access violation - code c0000005 (first/second chance not available)
  debugger time: Sun Mar  6 09:49:12.504 2016 (UTC + 9:00)

Check stack.
  
0:035> k
 # Child-SP          RetAddr           Call Site
00 000000a5`9ffddc28 00007ffe`f7fc3b2f ntdll!NtWaitForMultipleObjects+0x14
01 000000a5`9ffddc30 00007ffe`f7fc3a2e KERNELBASE!WaitForMultipleObjectsEx+0xef
02 000000a5`9ffddf30 00007ffe`f83f278f KERNELBASE!WaitForMultipleObjects+0xe
03 000000a5`9ffddf70 00007ffe`f83f22a2 kernel32!WerpReportFaultInternal+0x4ab
04 000000a5`9ffde520 00007ffe`f8047ef7 kernel32!WerpReportFault+0x52
05 000000a5`9ffde550 00007ffe`fc28d958 KERNELBASE!UnhandledExceptionFilter+0x277
06 000000a5`9ffde650 00007ffe`fc275ac6 ntdll!RtlUserThreadStart$filt$0+0x3e
07 000000a5`9ffde690 00007ffe`fc289a9d ntdll!_C_specific_handler+0x96
08 000000a5`9ffde700 00007ffe`fc214f29 ntdll!RtlpExecuteHandlerForException+0xd
09 000000a5`9ffde730 00007ffe`fc288baa ntdll!RtlDispatchException+0x3a9
0a 000000a5`9ffdee40 00007ffe`d48ff757 ntdll!KiUserExceptionDispatch+0x3a
0b 000000a5`9ffdf400 00007ffe`d48b0cbd Chakra!Js::DebugManager::Close+0xf
0c 000000a5`9ffdf430 00007ffe`d48b09c0 Chakra!Js::ScriptContext::InternalClose+0x2b1
0d 000000a5`9ffdf480 00007ffe`d48e5243 Chakra!Js::ScriptContext::Close+0x4c
0e 000000a5`9ffdf4c0 00007ffe`d48e51b7 Chakra!Js::JavascriptLibraryBase::Dispose+0x43
0f 000000a5`9ffdf4f0 00007ffe`d48e4e3c Chakra!Memory::SmallHeapBlockT<MediumAllocationBlockAttributes>::ForEachAllocatedObject<<lambda_007bd2f9810c254939b0a31a694096bb> >+0xe7
10 000000a5`9ffdf570 00007ffe`d487c586 Chakra!Memory::SmallFinalizableHeapBlockT<MediumAllocationBlockAttributes>::FinalizeAllObjects+0x48
11 000000a5`9ffdf5b0 00007ffe`d487cd6d Chakra!Memory::SmallFinalizableHeapBucketBaseT<Memory::SmallFinalizableHeapBlockT<MediumAllocationBlockAttributes> >::FinalizeAllObjects+0x9e
12 000000a5`9ffdf5e0 00007ffe`d48807df Chakra!Memory::HeapInfo::~HeapInfo+0x69
13 000000a5`9ffdf630 00007ffe`d4902164 Chakra!Memory::Recycler::~Recycler+0x14b
14 000000a5`9ffdf670 00007ffe`d48b5c8d Chakra!Memory::DeleteObject<Memory::HeapAllocator,Memory::Recycler>+0x18
15 000000a5`9ffdf6a0 00007ffe`d48a97bc Chakra!ThreadContext::~ThreadContext+0x169
16 000000a5`9ffdf710 00007ffe`d4b4f35b Chakra!Memory::DeleteObject<Memory::HeapAllocator,ThreadContext>+0x18
17 000000a5`9ffdf740 00007ffe`d4a422f2 Chakra!ThreadBoundThreadContextManager::DestroyContextAndEntryForCurrentThread+0x10cfe7
18 000000a5`9ffdf780 00007ffe`d4aed356 Chakra!ChakraDllMain+0x72
19 000000a5`9ffdf7b0 00007ffe`ccd48a1b Chakra!__DllMainCRTStartup+0x102
1a 000000a5`9ffdf920 00007ffe`ccd48ae3 eShims!CShimBindings::DllMainHook+0x11b
1b 000000a5`9ffdf990 00007ffe`fc1f5208 eShims!CShimBindings::s_DllMainHook+0x73
1c 000000a5`9ffdf9e0 00007ffe`fc1f2b31 ntdll!LdrpCallInitRoutine+0x4c
1d 000000a5`9ffdfa40 00007ffe`fc23c5ee ntdll!LdrShutdownThread+0x151
1e 000000a5`9ffdfb40 00007ffe`f840810a ntdll!RtlExitUserThread+0x3e
1f 000000a5`9ffdfb80 00007ffe`fc23c574 kernel32!BaseThreadInitThunk+0x2a
20 000000a5`9ffdfbb0 00000000`00000000 ntdll!RtlUserThreadStart+0x34

Rewind context to time of exception.

0:035> .ecxr
rax=0000000000000000 rbx=0000000000000000 rcx=0000000000000000
rdx=000002a4fd9381a0 rsi=000002a4fd9381a0 rdi=000002a4fd937950
rip=00007ffed48ff757 rsp=000000a59ffdf400 rbp=0000029c974da0e8
 r8=0000029c94bfe044  r9=0000000000000000 r10=0000029cd2570110
r11=000000a59ffdf370 r12=0000000000006000 r13=000000a59ffdf590
r14=0000000000000000 r15=0000000000000180
iopl=0         nv up ei pl nz na po nc
cs=0033  ss=002b  ds=002b  es=002b  fs=0053  gs=002b             efl=00010206
Chakra!Js::DebugManager::Close+0xf:
00007ffe`d48ff757 48837b1800      cmp     qword ptr [rbx+18h],0 ds:00000000`00000018=????????????????

Check stack again.

0:035> k
  *** Stack trace for last set context - .thread/.cxr resets it
 # Child-SP          RetAddr           Call Site
00 000000a5`9ffdf400 00007ffe`d48b0cbd Chakra!Js::DebugManager::Close+0xf
01 000000a5`9ffdf430 00007ffe`d48b09c0 Chakra!Js::ScriptContext::InternalClose+0x2b1
02 000000a5`9ffdf480 00007ffe`d48e5243 Chakra!Js::ScriptContext::Close+0x4c
03 000000a5`9ffdf4c0 00007ffe`d48e51b7 Chakra!Js::JavascriptLibraryBase::Dispose+0x43
04 000000a5`9ffdf4f0 00007ffe`d48e4e3c Chakra!Memory::SmallHeapBlockT<MediumAllocationBlockAttributes>::ForEachAllocatedObject<<lambda_007bd2f9810c254939b0a31a694096bb> >+0xe7
05 000000a5`9ffdf570 00007ffe`d487c586 Chakra!Memory::SmallFinalizableHeapBlockT<MediumAllocationBlockAttributes>::FinalizeAllObjects+0x48
06 000000a5`9ffdf5b0 00007ffe`d487cd6d Chakra!Memory::SmallFinalizableHeapBucketBaseT<Memory::SmallFinalizableHeapBlockT<MediumAllocationBlockAttributes> >::FinalizeAllObjects+0x9e
07 000000a5`9ffdf5e0 00007ffe`d48807df Chakra!Memory::HeapInfo::~HeapInfo+0x69
08 000000a5`9ffdf630 00007ffe`d4902164 Chakra!Memory::Recycler::~Recycler+0x14b
09 000000a5`9ffdf670 00007ffe`d48b5c8d Chakra!Memory::DeleteObject<Memory::HeapAllocator,Memory::Recycler>+0x18
0a 000000a5`9ffdf6a0 00007ffe`d48a97bc Chakra!ThreadContext::~ThreadContext+0x169
0b 000000a5`9ffdf710 00007ffe`d4b4f35b Chakra!Memory::DeleteObject<Memory::HeapAllocator,ThreadContext>+0x18
0c 000000a5`9ffdf740 00007ffe`d4a422f2 Chakra!ThreadBoundThreadContextManager::DestroyContextAndEntryForCurrentThread+0x10cfe7
0d 000000a5`9ffdf780 00007ffe`d4aed356 Chakra!ChakraDllMain+0x72
0e 000000a5`9ffdf7b0 00007ffe`ccd48a1b Chakra!__DllMainCRTStartup+0x102
0f 000000a5`9ffdf920 00007ffe`ccd48ae3 eShims!CShimBindings::DllMainHook+0x11b
10 000000a5`9ffdf990 00007ffe`fc1f5208 eShims!CShimBindings::s_DllMainHook+0x73
11 000000a5`9ffdf9e0 00007ffe`fc1f2b31 ntdll!LdrpCallInitRoutine+0x4c
12 000000a5`9ffdfa40 00007ffe`fc23c5ee ntdll!LdrShutdownThread+0x151
13 000000a5`9ffdfb40 00007ffe`f840810a ntdll!RtlExitUserThread+0x3e
14 000000a5`9ffdfb80 00007ffe`fc23c574 kernel32!BaseThreadInitThunk+0x2a
15 000000a5`9ffdfbb0 00000000`00000000 ntdll!RtlUserThreadStart+0x34

There was an access violation in Chakra!Js::DebugManager::Close+0xf.
Check version of Chakra.

0:035> lm v m Chakra
Browse full module list
start             end                 module name
00007ffe`d4870000 00007ffe`d4ff4000   Chakra     (pdb symbols)          c:\symbols\cache\ch\chakra.pdb\E97A87B535714A1CA79B7D73129BF5001\chakra.pdb
    Loaded symbol image file: Chakra.dll
    Image path: C:\Windows\System32\Chakra.dll
    Image name: Chakra.dll
    Browse all global symbols  functions  data
    Timestamp:        Wed Jan 27 13:38:06 2016 (56A849AE)
    CheckSum:         0077EE94
    ImageSize:        00784000
    File version:     11.0.10586.103
    Product version:  11.0.10586.103
    File flags:       0 (Mask 3F)
    File OS:          40004 NT Win32
    File type:        2.0 Dll
    File date:        00000000.00000000
    Translations:     0409.04b0
    CompanyName:      Microsoft Corporation
    ProductName:      Internet Explorer
    InternalName:     chakra.dll
    OriginalFilename: chakra.dll
    ProductVersion:   11.00.10586.103
    FileVersion:      11.00.10586.103 (th2_release.160126-1819)
    FileDescription:  Microsoft ® JScript
    LegalCopyright:   © Microsoft Corporation. All rights reserved.

Unscramble Chakra!Js::DebugManager::Close

0:035> uf Chakra!Js::DebugManager::Close
Chakra!Js::DebugManager::Close:
00007ffe`d48ff748 48894c2408      mov     qword ptr [rsp+8],rcx
00007ffe`d48ff74d 53              push    rbx
00007ffe`d48ff74e 4883ec20        sub     rsp,20h
00007ffe`d48ff752 488b5c2430      mov     rbx,qword ptr [rsp+30h]
00007ffe`d48ff757 48837b1800      cmp     qword ptr [rbx+18h],0
00007ffe`d48ff75c c683a400000001  mov     byte ptr [rbx+0A4h],1
00007ffe`d48ff763 0f857f4f2600    jne     Chakra!Js::DebugManager::Close+0x264fa0 (00007ffe`d4b646e8)  Branch

Chakra!Js::DebugManager::Close+0x21:
00007ffe`d48ff769 4883632000      and     qword ptr [rbx+20h],0
00007ffe`d48ff76e 4883c420        add     rsp,20h
00007ffe`d48ff772 5b              pop     rbx
00007ffe`d48ff773 c3              ret

Chakra!Js::DebugManager::Close+0x264fa0:
00007ffe`d4b646e8 488b4b20        mov     rcx,qword ptr [rbx+20h]
00007ffe`d4b646ec 4533c0          xor     r8d,r8d
00007ffe`d4b646ef 488b5318        mov     rdx,qword ptr [rbx+18h]
00007ffe`d4b646f3 488b89b0060000  mov     rcx,qword ptr [rcx+6B0h]
00007ffe`d4b646fa e891caf1ff      call    Chakra!Memory::Recycler::RootRelease (00007ffe`d4a81190)
00007ffe`d4b646ff 4883631800      and     qword ptr [rbx+18h],0
00007ffe`d4b64704 e960b0d9ff      jmp     Chakra!Js::DebugManager::Close+0x21 (00007ffe`d48ff769)  Branch

Check instruction pointer.

0:035> r @rip
Last set context:
rip=00007ffed48ff757

Access violation occurred at here:
00007ffe`d48ff757 48837b1800      cmp     qword ptr [rbx+18h],0

Check RBX.

0:035> r @rbx
Last set context:
rbx=0000000000000000

Sure enough, it is null, so it is trying to dereference a null pointer.
I don't know anything about the Chakra project, but a quick look at the code for DebugManager::Close suggests that [this->diagnosticPageAllocator](https://github.com/Microsoft/ChakraCore/blob/8567cfe6c1861a93af8ea0c67308d2ffe1a1f5f9/lib/Runtime/Debug/DebugManager.cpp#L35) may be null.

**Comment by dilijev** [comment]
@bendono could you upload the dump to a file share like OneDrive and email a link to ChakraCore@microsoft.com?

**Comment by bendono** [comment]
@dilijev I have shared it on OneDrive. You should receive an e-mail notice with a link.

**Comment by dilijev** [comment]
@bendono Received. We are looking into it. Thanks.

**Comment by agarwal-sandeep** [comment]
Thanks @bendono, I have downloaded the attachment and is investigating the issue. If you want you can remove the file from OneDrive.

**Comment by agarwal-sandeep** [comment]
Closing issue as fixed by commit 1da8b0b8d62f9820ffbc88de759b401a0f572b5f
